extract_metadata: 0.12703227996826172
detect_features: 3.159774435000145
match_features: 0.5518548280015239
create_tracks: 0.03758304499933729
reconstruct: 0.24071931838989258
extract_metadata: 0.032913923263549805
detect_features: 0.0002965419989777729
match_features: 0.5370652820020041
create_tracks: 0.037771703999169404
reconstruct: 0.26419544219970703
extract_metadata: 0.03445172309875488
detect_features: 0.0003450619988143444
match_features: 0.5654945290007163
create_tracks: 0.039912808999361005
reconstruct: 0.23192501068115234
extract_metadata: 0.03334951400756836
detect_features: 0.0003325509969727136
match_features: 0.543465988997923
create_tracks: 0.038756565998482984
reconstruct: 0.2423555850982666
