extract_metadata: 0.03115224838256836
extract_metadata: 0.030727386474609375
detect_features: 1.9170001905877143e-05
match_features: 0.007641672000318067
create_tracks: 0.00043861299855052494
reconstruct: 0.030590057373046875
extract_metadata: 0.0318453311920166
detect_features: 1.7710000975057483e-05
match_features: 0.006883057998493314
create_tracks: 0.00042383300024084747
reconstruct: 0.032686471939086914
extract_metadata: 0.02990865707397461
detect_features: 2.35699990298599e-05
match_features: 0.006496183999843197
create_tracks: 0.0004642629974114243
reconstruct: 0.03286910057067871
detect_features: 1.7311002011410892e-05
match_features: 0.006221442999958526
create_tracks: 0.0004823240014957264
reconstruct: 0.029133081436157227
